  Compiling CUDA source file SalamanderKernel.cu...
  
  C:\Users\Admin\source\repos\Salamander\Salamander>"C:\Program Files\NVIDIA GPU Computing Toolkit\CUDA\v12.6\bin\nvcc.exe" -gencode=arch=compute_52,code=\"sm_52,compute_52\" --use-local-env -ccbin "C:\Program Files\Microsoft Visual Studio\2022\Community\VC\Tools\MSVC\14.41.34120\bin\HostX64\x64" -x cu   -I"C:\Program Files\NVIDIA GPU Computing Toolkit\CUDA\v12.6\include" -I"C:\Program Files\NVIDIA GPU Computing Toolkit\CUDA\v12.6\include"  -G   --keep-dir x64\Debug  -maxrregcount=0   --machine 64 --compile -cudart static  -g  -DWIN32 -DWIN64 -D_DEBUG -D_CONSOLE -D_MBCS -Xcompiler "/EHsc /W3 /nologo /Od /FS /Zi /RTC1 /MDd " -Xcompiler "/Fdx64\Debug\vc143.pdb" -o C:\Users\Admin\source\repos\Salamander\Salamander\x64\Debug\SalamanderKernel.cu.obj "C:\Users\Admin\source\repos\Salamander\Salamander\SalamanderKernel.cu" 
C:\Users\Admin\source\repos\Salamander\Salamander\SalamanderKernel.cu(7): warning #177-D: variable "NUM_USERS" was declared but never referenced
    constexpr int NUM_USERS = 1000;
                  ^
  
  Remark: The warnings can be suppressed with "-diag-suppress <warning-number>"
  
C:\Users\Admin\source\repos\Salamander\Salamander\SalamanderKernel.cu(8): warning #177-D: variable "NUM_ITEMS" was declared but never referenced
    constexpr int NUM_ITEMS = 1000;
                  ^
  
C:\Users\Admin\source\repos\Salamander\Salamander\SalamanderKernel.cu(10): warning #177-D: variable "NUM_EPOCHS" was declared but never referenced
    constexpr int NUM_EPOCHS = 20;
                  ^
  
  SalamanderKernel.cu
  tmpxft_000008b0_00000000-7_SalamanderKernel.cudafe1.cpp
C:\Users\Admin\source\repos\Salamander\Salamander\SalamanderKernel.cu(50): warning C4244: 'argument': conversion from 'time_t' to 'unsigned int', possible loss of data
  SalamanderUI.cpp
C:\Users\Admin\source\repos\Salamander\Salamander\SalamanderUI.cpp(16,15): warning C4244: 'argument': conversion from 'time_t' to 'unsigned int', possible loss of data
     Creating library C:\Users\Admin\source\repos\Salamander\x64\Debug\Salamander.lib and object C:\Users\Admin\source\repos\Salamander\x64\Debug\Salamander.exp
LINK : warning LNK4098: defaultlib 'LIBCMT' conflicts with use of other libs; use /NODEFAULTLIB:library
  Salamander.vcxproj -> C:\Users\Admin\source\repos\Salamander\x64\Debug\Salamander.exe
