c:\users\admin\source\repos\salamander2\salamander2\x64\debug\vc143.pdb
c:\users\admin\source\repos\salamander2\salamander2\x64\debug\vc143.idb
c:\users\admin\source\repos\salamander2\salamander2\x64\debug\salamanderui.obj
c:\users\admin\source\repos\salamander2\salamander2\x64\debug\salamanderkernel.cu.obj
c:\users\admin\source\repos\salamander2\x64\debug\salamander.exe
c:\users\admin\source\repos\salamander2\x64\debug\salamander.pdb
c:\users\admin\source\repos\salamander2\x64\debug\salamander.lib
c:\users\admin\source\repos\salamander2\x64\debug\salamander.exp
c:\users\admin\source\repos\salamander2\salamander2\x64\debug\salamander.ilk
c:\users\admin\source\repos\salamander\salamander\x64\debug\salamanderkernel.cu.cache
c:\users\admin\source\repos\salamander\salamander\x64\debug\salamanderkernel.cu.obj
c:\users\admin\source\repos\salamander\salamander\x64\debug\salamanderui.obj
c:\users\admin\source\repos\salamander\salamander\x64\debug\salamander.ilk
c:\users\admin\source\repos\salamander\salamander\x64\debug\vc143.idb
c:\users\admin\source\repos\salamander\salamander\x64\debug\vc143.pdb
c:\users\admin\source\repos\salamander\x64\debug\salamander.pdb
c:\users\admin\source\repos\salamander\x64\debug\salamander.exe
c:\users\admin\source\repos\salamander\salamander\x64\debug\salamander.tlog\cl.command.1.tlog
c:\users\admin\source\repos\salamander\salamander\x64\debug\salamander.tlog\cl.items.tlog
c:\users\admin\source\repos\salamander\salamander\x64\debug\salamander.tlog\cl.read.1.tlog
c:\users\admin\source\repos\salamander\salamander\x64\debug\salamander.tlog\cl.write.1.tlog
c:\users\admin\source\repos\salamander\salamander\x64\debug\salamander.tlog\cudacompile.read.1u.tlog
c:\users\admin\source\repos\salamander\salamander\x64\debug\salamander.tlog\cudacompile.write.1u.tlog
c:\users\admin\source\repos\salamander\salamander\x64\debug\salamander.tlog\link.command.1.tlog
c:\users\admin\source\repos\salamander\salamander\x64\debug\salamander.tlog\link.read.1.tlog
c:\users\admin\source\repos\salamander\salamander\x64\debug\salamander.tlog\link.secondary.1.tlog
c:\users\admin\source\repos\salamander\salamander\x64\debug\salamander.tlog\link.write.1.tlog
